{
    "id": "LUCENE-6750",
    "title": "TestMergeSchedulerExternal failure",
    "details": {
        "resolution": "Unresolved",
        "affect_versions": "5.4,                                            6.0",
        "components": [],
        "labels": "",
        "fix_versions": [],
        "priority": "Major",
        "status": "Open",
        "type": "Bug"
    },
    "description": "Policeman Jenkins found a failure on OS X http://jenkins.thetaphi.de/job/Lucene-Solr-trunk-MacOSX/2649/ that I can't reproduce on OS X 10.10.4 using Oracle Java 1.8.0_20, even after beasting 200 total suite iterations with the seed:\n\n\n   [junit4] Suite: org.apache.lucene.TestMergeSchedulerExternal\n   [junit4]   2> NOTE: reproduce with: ant test  -Dtestcase=TestMergeSchedulerExternal -Dtests.method=testSubclassConcurrentMergeScheduler -Dtests.seed=3AF868F9E00E5EBA -Dtests.slow=true -Dtests.locale=ru -Dtests.timezone=Europe/London -Dtests.asserts=true -Dtests.file.encoding=ISO-8859-1\n   [junit4] FAILURE 0.37s J1 | TestMergeSchedulerExternal.testSubclassConcurrentMergeScheduler <<<\n   [junit4]    > Throwable #1: java.lang.AssertionError\n   [junit4]    > \tat __randomizedtesting.SeedInfo.seed([3AF868F9E00E5EBA:BD79D554E42E24BE]:0)\n   [junit4]    > \tat org.apache.lucene.TestMergeSchedulerExternal.testSubclassConcurrentMergeScheduler(TestMergeSchedulerExternal.java:116)\n   [junit4]    > \tat java.lang.Thread.run(Thread.java:745)\n   [junit4]   2> NOTE: test params are: codec=Asserting(Lucene53): {id=PostingsFormat(name=Memory doPackFST= true)}, docValues:{}, sim=DefaultSimilarity, locale=ru, timezone=Europe/London\n   [junit4]   2> NOTE: Mac OS X 10.8.5 x86_64/Oracle Corporation 1.8.0_51 (64-bit)/cpus=3,threads=1,free=16232544,total=54853632\n   [junit4]   2> NOTE: All tests run in this JVM: [TestDateSort, TestWildcardRandom, TestIndexWriterMergePolicy, TestPackedInts, TestSpansAdvanced, TestBooleanOr, TestParallelReaderEmptyIndex, TestFixedBitDocIdSet, TestIndexWriterDeleteByQuery, Test4GBStoredFields, TestMultiThreadTermVectors, TestIndexWriterConfig, TestToken, TestMergeSchedulerExternal]\n   [junit4] Completed [21/401] on J1 in 0.39s, 2 tests, 1 failure <<< FAILURES!",
    "attachments": {},
    "issue_links": {},
    "comments": [
        {
            "id": "comment-14713616",
            "author": "Steve Rowe",
            "date": "2015-08-26T15:01:23+0000",
            "content": "New fail on Policeman Jenkins http://jenkins.thetaphi.de/job/Lucene-Solr-5.x-MacOSX/2623/, this time on branch_5x: \n\n\n   [junit4] Suite: org.apache.lucene.TestMergeSchedulerExternal\n   [junit4]   2> NOTE: reproduce with: ant test  -Dtestcase=TestMergeSchedulerExternal -Dtests.method=testSubclassConcurrentMergeScheduler -Dtests.seed=A2D285B04961A340 -Dtests.slow=true -Dtests.locale=it -Dtests.timezone=Pacific/Majuro -Dtests.asserts=true -Dtests.file.encoding=UTF-8\n   [junit4] FAILURE 0.57s J0 | TestMergeSchedulerExternal.testSubclassConcurrentMergeScheduler <<<\n   [junit4]    > Throwable #1: java.lang.AssertionError\n   [junit4]    > \tat __randomizedtesting.SeedInfo.seed([A2D285B04961A340:2553381D4D41D944]:0)\n   [junit4]    > \tat org.apache.lucene.TestMergeSchedulerExternal.testSubclassConcurrentMergeScheduler(TestMergeSchedulerExternal.java:116)\n   [junit4]    > \tat java.lang.Thread.run(Thread.java:745)\n   [junit4]   2> NOTE: test params are: codec=Asserting(Lucene53): {id=PostingsFormat(name=MockRandom)}, docValues:{}, sim=DefaultSimilarity, locale=it, timezone=Pacific/Majuro\n   [junit4]   2> NOTE: Mac OS X 10.8.5 x86_64/Oracle Corporation 1.8.0_60 (64-bit)/cpus=3,threads=1,free=368533088,total=518979584\n   [junit4]   2> NOTE: All tests run in this JVM: [TestLogMergePolicy, TestSameTokenSamePosition, TestCustomNorms, TestTerms, Test2BPostings, TestSpansEnum, TestBinaryDocValuesUpdates, TestDocValuesScoring, TestSparseFixedBitSet, TestByteArrayDataInput, FuzzyTermOnShortTermsTest, TestLucene50StoredFieldsFormat, TestIndexWriterDelete, TestTopDocsCollector, TestIndexWriter, TestWildcard, TestSimilarityProvider, TestBytesRefArray, TestQueryRescorer, TestSpans, TestFilterCachingPolicy, TestNot, TestSpanNotQuery, TestTermRangeFilter, TestScorerPerf, TestTermsEnum, TestApproximationSearchEquivalence, TestMinimize, TestSizeBoundedForceMerge, TestReadOnlyIndex, TestConjunctions, TestLongBitSet, TestMinShouldMatch2, TestLucene50SegmentInfoFormat, TestCharTermAttributeImpl, TestRecyclingIntBlockAllocator, TestQueryBuilder, TestPhrasePrefixQuery, TestIndexWriterNRTIsCurrent, TestNeverDelete, TestMatchNoDocsQuery, TestSegmentReader, TestIntsRef, TestBytesStore, TestPackedTokenAttributeImpl, TestTransactions, TestSimpleExplanationsOfNonMatches, TestFieldsReader, TestSearch, TestLucene50DocValuesFormat, Test2BPositions, TestForceMergeForever, TestMultiFields, TestNorms, TestFrequencyTrackingRingBuffer, TestFastCompressionMode, TestNRTReaderCleanup, TestBooleanMinShouldMatch, TestElevationComparator, TestLRUFilterCache, TestPerFieldPostingsFormat2, TestSloppyPhraseQuery2, TestBytesRefHash, TestIndexCommit, TestWindowsMMap, TestLucene50StoredFieldsFormatHighCompression, TestBinaryDocument, TestSleepingLockWrapper, TestNRTReaderWithThreads, TestNamedSPILoader, TestMultiLevelSkipList, TestDirectoryReaderReopen, TestConcurrentMergeScheduler, TestDateSort, TestBoolean2, TestMultiThreadTermVectors, TestRecyclingByteBlockAllocator, Test2BPostingsBytes, TestCachingWrapperFilter, TestMultiPhraseEnum, TestDuelingCodecsAtNight, TestPrefixQuery, TestMergeSchedulerExternal]\n\n "
        },
        {
            "id": "comment-14721104",
            "author": "Dawid Weiss",
            "date": "2015-08-29T12:34:45+0000",
            "content": "I've tried no MacOSX (Darwin Kernel Version 14.4.0), Java 1.8.0_60. No luck, everything passes fine.\n\nant test-core -Dtests.dups=200  -Dtestcase=TestMergeSchedulerExternal -Dtests.method=testSubclassConcurrentMergeScheduler -Dtests.seed=A2D285B04961A340 -Dtests.slow=true -Dtests.locale=it -Dtests.timezone=Pacific/Majuro -Dtests.asserts=true -Dtests.file.encoding=UTF-8\n\n "
        },
        {
            "id": "comment-15121238",
            "author": "Uwe Schindler",
            "date": "2016-01-28T11:12:25+0000",
            "content": "Happened last night again. I was afraid that this was new failure with Java 8u72, but then Michael McCandless reminded me about this issue:\n\n\nBuild: http://jenkins.thetaphi.de/job/Lucene-Solr-trunk-MacOSX/3044/\nJava: 64bit/jdk1.8.0 -XX:-UseCompressedOops -XX:+UseG1GC\n\n1 tests failed.\nFAILED:  org.apache.lucene.TestMergeSchedulerExternal.testSubclassConcurrentMergeScheduler\n\nError Message:\n\n\nStack Trace:\njava.lang.AssertionError\n\tat __randomizedtesting.SeedInfo.seed([211001F2A252178:8590BDB22E055B7C]:0)\n\tat org.junit.Assert.fail(Assert.java:92)\n\tat org.junit.Assert.assertTrue(Assert.java:43)\n\tat org.junit.Assert.assertTrue(Assert.java:54)\n\tat org.apache.lucene.TestMergeSchedulerExternal.testSubclassConcurrentMergeScheduler(TestMergeSchedulerExternal.java:116)\n\tat sun.reflect.NativeMethodAccessorImpl.invoke0(Native Method)\n\tat sun.reflect.NativeMethodAccessorImpl.invoke(NativeMethodAccessorImpl.java:62)\n\tat sun.reflect.DelegatingMethodAccessorImpl.invoke(DelegatingMethodAccessorImpl.java:43)\n\tat java.lang.reflect.Method.invoke(Method.java:498)\n\tat com.carrotsearch.randomizedtesting.RandomizedRunner.invoke(RandomizedRunner.java:1764)\n\tat com.carrotsearch.randomizedtesting.RandomizedRunner$8.evaluate(RandomizedRunner.java:871)\n\tat com.carrotsearch.randomizedtesting.RandomizedRunner$9.evaluate(RandomizedRunner.java:907)\n\tat com.carrotsearch.randomizedtesting.RandomizedRunner$10.evaluate(RandomizedRunner.java:921)\n\tat org.apache.lucene.util.TestRuleSetupTeardownChained$1.evaluate(TestRuleSetupTeardownChained.java:50)\n\tat org.apache.lucene.util.AbstractBeforeAfterRule$1.evaluate(AbstractBeforeAfterRule.java:46)\n\tat org.apache.lucene.util.TestRuleThreadAndTestName$1.evaluate(TestRuleThreadAndTestName.java:49)\n\tat org.apache.lucene.util.TestRuleIgnoreAfterMaxFailures$1.evaluate(TestRuleIgnoreAfterMaxFailures.java:65)\n\tat org.apache.lucene.util.TestRuleMarkFailure$1.evaluate(TestRuleMarkFailure.java:48)\n\tat com.carrotsearch.randomizedtesting.rules.StatementAdapter.evaluate(StatementAdapter.java:36)\n\tat com.carrotsearch.randomizedtesting.ThreadLeakControl$StatementRunner.run(ThreadLeakControl.java:367)\n\tat com.carrotsearch.randomizedtesting.ThreadLeakControl.forkTimeoutingTask(ThreadLeakControl.java:809)\n\tat com.carrotsearch.randomizedtesting.ThreadLeakControl$3.evaluate(ThreadLeakControl.java:460)\n\tat com.carrotsearch.randomizedtesting.RandomizedRunner.runSingleTest(RandomizedRunner.java:880)\n\tat com.carrotsearch.randomizedtesting.RandomizedRunner$5.evaluate(RandomizedRunner.java:781)\n\tat com.carrotsearch.randomizedtesting.RandomizedRunner$6.evaluate(RandomizedRunner.java:816)\n\tat com.carrotsearch.randomizedtesting.RandomizedRunner$7.evaluate(RandomizedRunner.java:827)\n\tat org.apache.lucene.util.AbstractBeforeAfterRule$1.evaluate(AbstractBeforeAfterRule.java:46)\n\tat com.carrotsearch.randomizedtesting.rules.StatementAdapter.evaluate(StatementAdapter.java:36)\n\tat org.apache.lucene.util.TestRuleStoreClassName$1.evaluate(TestRuleStoreClassName.java:42)\n\tat com.carrotsearch.randomizedtesting.rules.NoShadowingOrOverridesOnMethodsRule$1.evaluate(NoShadowingOrOverridesOnMethodsRule.java:40)\n\tat com.carrotsearch.randomizedtesting.rules.NoShadowingOrOverridesOnMethodsRule$1.evaluate(NoShadowingOrOverridesOnMethodsRule.java:40)\n\tat com.carrotsearch.randomizedtesting.rules.StatementAdapter.evaluate(StatementAdapter.java:36)\n\tat com.carrotsearch.randomizedtesting.rules.StatementAdapter.evaluate(StatementAdapter.java:36)\n\tat com.carrotsearch.randomizedtesting.rules.StatementAdapter.evaluate(StatementAdapter.java:36)\n\tat org.apache.lucene.util.TestRuleAssertionsRequired$1.evaluate(TestRuleAssertionsRequired.java:54)\n\tat org.apache.lucene.util.TestRuleMarkFailure$1.evaluate(TestRuleMarkFailure.java:48)\n\tat org.apache.lucene.util.TestRuleIgnoreAfterMaxFailures$1.evaluate(TestRuleIgnoreAfterMaxFailures.java:65)\n\tat org.apache.lucene.util.TestRuleIgnoreTestSuites$1.evaluate(TestRuleIgnoreTestSuites.java:55)\n\tat com.carrotsearch.randomizedtesting.rules.StatementAdapter.evaluate(StatementAdapter.java:36)\n\tat com.carrotsearch.randomizedtesting.ThreadLeakControl$StatementRunner.run(ThreadLeakControl.java:367)\n\tat java.lang.Thread.run(Thread.java:745)\n\n\n\n\nBuild Log:\n[...truncated 466 lines...]\n   [junit4] Suite: org.apache.lucene.TestMergeSchedulerExternal\n   [junit4]   2> NOTE: reproduce with: ant test  -Dtestcase=TestMergeSchedulerExternal -Dtests.method=testSubclassConcurrentMergeScheduler -Dtests.seed=211001F2A252178 -Dtests.slow=true -Dtests.locale=en-IN -Dtests.timezone=Etc/GMT+6 -Dtests.asserts=true -Dtests.file.encoding=US-ASCII\n   [junit4] FAILURE 0.60s J1 | TestMergeSchedulerExternal.testSubclassConcurrentMergeScheduler <<<\n   [junit4]    > Throwable #1: java.lang.AssertionError\n   [junit4]    > \tat __randomizedtesting.SeedInfo.seed([211001F2A252178:8590BDB22E055B7C]:0)\n   [junit4]    > \tat org.apache.lucene.TestMergeSchedulerExternal.testSubclassConcurrentMergeScheduler(TestMergeSchedulerExternal.java:116)\n   [junit4]    > \tat java.lang.Thread.run(Thread.java:745)\n   [junit4]   2> NOTE: test params are: codec=DummyCompressingStoredFields(storedFieldsFormat=CompressingStoredFieldsFormat(compressionMode=DUMMY, chunkSize=1, maxDocsPerChunk=7, blockSize=1022), termVectorsFormat=CompressingTermVectorsFormat(compressionMode=DUMMY, chunkSize=1, blockSize=1022)), sim=RandomSimilarity(queryNorm=false,coord=crazy): {}, locale=en-IN, timezone=Etc/GMT+6\n   [junit4]   2> NOTE: Mac OS X 10.8.5 x86_64/Oracle Corporation 1.8.0_72 (64-bit)/cpus=3,threads=1,free=245451384,total=322961408\n   [junit4]   2> NOTE: All tests run in this JVM: [TestFastDecompressionMode, TestIndexWriterMergePolicy, TestPerSegmentDeletes, TestTermVectorsReader, TestDocBoost, TestNotDocIdSet, TestTerms, TestIndexWriterUnicode, TestCharsRef, TestTimeLimitingCollector, TestPointQueries, TestTopFieldCollector, TestArrayUtil, TestMultiThreadTermVectors, Test2BPositions, TestConjunctions, TestLevenshteinAutomata, TestIndexReaderClose, TestLucene50SegmentInfoFormat, TestDocumentsWriterDeleteQueue, TestSloppyPhraseQuery, TestSegmentMerger, TestIndexWriterOnJRECrash, TestAssertions, TestLongPostings, TestParallelLeafReader, TestIntArrayDocIdSet, TestIndexFileDeleter, TestEarlyTermination, TestBKD, TestDocValues, TestBinaryTerms, TestTopDocsCollector, TestCrash, TestSort, TestIndexWriterOutOfFileDescriptors, TestTotalHitCountCollector, TestCachingCollector, TestMergeSchedulerExternal]\n   [junit4] Completed [82/406 (1!)] on J1 in 0.62s, 2 tests, 1 failure <<< FAILURES!\n\n[...truncated 1066 lines...]\nBUILD FAILED\n/Users/jenkins/workspace/Lucene-Solr-trunk-MacOSX/build.xml:740: The following error occurred while executing this line:\n/Users/jenkins/workspace/Lucene-Solr-trunk-MacOSX/build.xml:684: The following error occurred while executing this line:\n/Users/jenkins/workspace/Lucene-Solr-trunk-MacOSX/build.xml:59: The following error occurred while executing this line:\n/Users/jenkins/workspace/Lucene-Solr-trunk-MacOSX/lucene/build.xml:50: The following error occurred while executing this line:\n/Users/jenkins/workspace/Lucene-Solr-trunk-MacOSX/lucene/common-build.xml:1457: The following error occurred while executing this line:\n/Users/jenkins/workspace/Lucene-Solr-trunk-MacOSX/lucene/common-build.xml:1014: There were test failures: 406 suites (1 ignored), 3349 tests, 1 failure, 55 ignored (51 assumptions) [seed: 211001F2A252178]\n\n "
        },
        {
            "id": "comment-15136324",
            "author": "Steve Rowe",
            "date": "2016-02-07T17:18:27+0000",
            "content": "New fail this morning on branch_5x with Java7 (doesn't reproduce for me):\n\n\nBuild: http://jenkins.thetaphi.de/job/Lucene-Solr-5.x-MacOSX/3015/\nJava: 64bit/jdk1.7.0 -XX:-UseCompressedOops -XX:+UseParallelGC\n\n1 tests failed.\nFAILED:  org.apache.lucene.TestMergeSchedulerExternal.testSubclassConcurrentMergeScheduler\n\nError Message:\n\n\nStack Trace:\njava.lang.AssertionError\n\tat __randomizedtesting.SeedInfo.seed([14D2D99D22341661:9353643026146C65]:0)\n\tat org.junit.Assert.fail(Assert.java:92)\n\tat org.junit.Assert.assertTrue(Assert.java:43)\n\tat org.junit.Assert.assertTrue(Assert.java:54)\n\tat org.apache.lucene.TestMergeSchedulerExternal.testSubclassConcurrentMergeScheduler(TestMergeSchedulerExternal.java:116)\n\tat sun.reflect.NativeMethodAccessorImpl.invoke0(Native Method)\n\tat sun.reflect.NativeMethodAccessorImpl.invoke(NativeMethodAccessorImpl.java:57)\n\tat sun.reflect.DelegatingMethodAccessorImpl.invoke(DelegatingMethodAccessorImpl.java:43)\n\tat java.lang.reflect.Method.invoke(Method.java:606)\n\tat com.carrotsearch.randomizedtesting.RandomizedRunner.invoke(RandomizedRunner.java:1764)\n\tat com.carrotsearch.randomizedtesting.RandomizedRunner$8.evaluate(RandomizedRunner.java:871)\n\tat com.carrotsearch.randomizedtesting.RandomizedRunner$9.evaluate(RandomizedRunner.java:907)\n\tat com.carrotsearch.randomizedtesting.RandomizedRunner$10.evaluate(RandomizedRunner.java:921)\n\tat org.apache.lucene.util.TestRuleSetupTeardownChained$1.evaluate(TestRuleSetupTeardownChained.java:49)\n\tat org.apache.lucene.util.AbstractBeforeAfterRule$1.evaluate(AbstractBeforeAfterRule.java:45)\n\tat org.apache.lucene.util.TestRuleThreadAndTestName$1.evaluate(TestRuleThreadAndTestName.java:48)\n\tat org.apache.lucene.util.TestRuleIgnoreAfterMaxFailures$1.evaluate(TestRuleIgnoreAfterMaxFailures.java:64)\n\tat org.apache.lucene.util.TestRuleMarkFailure$1.evaluate(TestRuleMarkFailure.java:47)\n\tat com.carrotsearch.randomizedtesting.rules.StatementAdapter.evaluate(StatementAdapter.java:36)\n\tat com.carrotsearch.randomizedtesting.ThreadLeakControl$StatementRunner.run(ThreadLeakControl.java:367)\n\tat com.carrotsearch.randomizedtesting.ThreadLeakControl.forkTimeoutingTask(ThreadLeakControl.java:809)\n\tat com.carrotsearch.randomizedtesting.ThreadLeakControl$3.evaluate(ThreadLeakControl.java:460)\n\tat com.carrotsearch.randomizedtesting.RandomizedRunner.runSingleTest(RandomizedRunner.java:880)\n\tat com.carrotsearch.randomizedtesting.RandomizedRunner$5.evaluate(RandomizedRunner.java:781)\n\tat com.carrotsearch.randomizedtesting.RandomizedRunner$6.evaluate(RandomizedRunner.java:816)\n\tat com.carrotsearch.randomizedtesting.RandomizedRunner$7.evaluate(RandomizedRunner.java:827)\n\tat org.apache.lucene.util.AbstractBeforeAfterRule$1.evaluate(AbstractBeforeAfterRule.java:45)\n\tat com.carrotsearch.randomizedtesting.rules.StatementAdapter.evaluate(StatementAdapter.java:36)\n\tat org.apache.lucene.util.TestRuleStoreClassName$1.evaluate(TestRuleStoreClassName.java:41)\n\tat com.carrotsearch.randomizedtesting.rules.NoShadowingOrOverridesOnMethodsRule$1.evaluate(NoShadowingOrOverridesOnMethodsRule.java:40)\n\tat com.carrotsearch.randomizedtesting.rules.NoShadowingOrOverridesOnMethodsRule$1.evaluate(NoShadowingOrOverridesOnMethodsRule.java:40)\n\tat com.carrotsearch.randomizedtesting.rules.StatementAdapter.evaluate(StatementAdapter.java:36)\n\tat com.carrotsearch.randomizedtesting.rules.StatementAdapter.evaluate(StatementAdapter.java:36)\n\tat com.carrotsearch.randomizedtesting.rules.StatementAdapter.evaluate(StatementAdapter.java:36)\n\tat org.apache.lucene.util.TestRuleAssertionsRequired$1.evaluate(TestRuleAssertionsRequired.java:53)\n\tat org.apache.lucene.util.TestRuleMarkFailure$1.evaluate(TestRuleMarkFailure.java:47)\n\tat org.apache.lucene.util.TestRuleIgnoreAfterMaxFailures$1.evaluate(TestRuleIgnoreAfterMaxFailures.java:64)\n\tat org.apache.lucene.util.TestRuleIgnoreTestSuites$1.evaluate(TestRuleIgnoreTestSuites.java:54)\n\tat com.carrotsearch.randomizedtesting.rules.StatementAdapter.evaluate(StatementAdapter.java:36)\n\tat com.carrotsearch.randomizedtesting.ThreadLeakControl$StatementRunner.run(ThreadLeakControl.java:367)\n\tat java.lang.Thread.run(Thread.java:745)\n\n\n\n\nBuild Log:\n[...truncated 725 lines...]\n  [junit4] Suite: org.apache.lucene.TestMergeSchedulerExternal\n  [junit4]   2> NOTE: reproduce with: ant test  -Dtestcase=TestMergeSchedulerExternal -Dtests.method=testSubclassConcurrentMergeScheduler -Dtests.seed=14D2D99D22341661 -Dtests.slow=true -Dtests.locale=en-AU -Dtests.timezone=Poland -Dtests.asserts=true -Dtests.file.encoding=UTF-8\n  [junit4] FAILURE 0.40s J1 | TestMergeSchedulerExternal.testSubclassConcurrentMergeScheduler <<<\n  [junit4]    > Throwable #1: java.lang.AssertionError\n  [junit4]    > \tat __randomizedtesting.SeedInfo.seed([14D2D99D22341661:9353643026146C65]:0)\n  [junit4]    > \tat org.apache.lucene.TestMergeSchedulerExternal.testSubclassConcurrentMergeScheduler(TestMergeSchedulerExternal.java:116)\n  [junit4]    > \tat java.lang.Thread.run(Thread.java:745)\n  [junit4]   2> NOTE: test params are: codec=Asserting(Lucene54): {id=BlockTreeOrds(blocksize=128)}, docValues:{}, sim=RandomSimilarity(queryNorm=false,coord=crazy): {}, locale=en-AU, timezone=Poland\n  [junit4]   2> NOTE: Mac OS X 10.8.5 x86_64/Oracle Corporation 1.7.0_80 (64-bit)/cpus=3,threads=1,free=169302056,total=234356736\n  [junit4]   2> NOTE: All tests run in this JVM: [TestReqExclBulkScorer, TestMultiValuedNumericRangeQuery, TestNRTReaderCleanup, TestLucene50StoredFieldsFormatHighCompression, TestQueryWrapperFilter, TestFieldReuse, TestSloppyMath, TestDocumentsWriterStallControl, TestNoDeletionPolicy, TestPhrasePrefixQuery, TestLucene50CompoundFormat, TestFilterDirectory, TestFieldValueFilter, TestDocIdSet, TestSpansAdvanced2, FiniteStringsIteratorTest, TestNGramPhraseQuery, TestExternalCodecs, TestStressDeletes, TestCharFilter, TestTimSorter, TestToken, TestSpans, TestNumericRangeQuery32, TestInPlaceMergeSorter, TestIndexWriterOutOfFileDescriptors, TestWildcard, Test2BTerms, TestBM25Similarity, TestStressAdvance, TestQueryCachingPolicy, TestSpansEnum, TestDisjunctionMaxQuery, TestFieldValueQuery, TestMultiMMap, TestUnicodeUtil, TestRegExp, TestRAMDirectory, TestMultiCollector, TestLongPostings, TestPrefixQuery, TestIndexWriterCommit, TestLockFactory, TestDemoParallelLeafReader, TestPriorityQueue, TestTragicIndexWriterDeadlock, TestTwoPhaseCommitTool, TestPayloadsOnVectors, TestField, TestApproximationSearchEquivalence, TestAddIndexes, TestLongBitSet, TestSloppyPhraseQuery, Test2BNumericDocValues, TestInfoStream, TestFilterSpans, TestIndexWriterOnDiskFull, TestIndexWriterForceMerge, TestFixedBitSet, TestSearchAfter, TestIntsRef, TestDocument, TestBoostQuery, TestIndexReaderClose, TestSpansAdvanced, TestSimilarity2, TestIndexWriterReader, TestIndexCommit, TestCheckIndex, TestRateLimiter, Test2BPagedBytes, TestDocValuesRewriteMethod, TestLucene50SegmentInfoFormat, TestRegexpRandom2, TestRoaringDocIdSet, TestSpanExplanationsOfNonMatches, TestTotalHitCountCollector, TestPackedInts, TestSegmentTermEnum, TestDocumentWriter, TestBooleanQueryVisitSubscorers, TestPostingsOffsets, TestMultiTermConstantScore, TestMultiset, TestFileSwitchDirectory, TestMergeSchedulerExternal]\n  [junit4] Completed [165/422 (1!)] on J1 in 0.43s, 2 tests, 1 failure <<< FAILURES!\n\n[...truncated 838 lines...]\nBUILD FAILED\n/Users/jenkins/workspace/Lucene-Solr-5.x-MacOSX/build.xml:750: The following error occurred while executing this line:\n/Users/jenkins/workspace/Lucene-Solr-5.x-MacOSX/build.xml:694: The following error occurred while executing this line:\n/Users/jenkins/workspace/Lucene-Solr-5.x-MacOSX/build.xml:59: The following error occurred while executing this line:\n/Users/jenkins/workspace/Lucene-Solr-5.x-MacOSX/lucene/build.xml:50: The following error occurred while executing this line:\n/Users/jenkins/workspace/Lucene-Solr-5.x-MacOSX/lucene/common-build.xml:1477: The following error occurred while executing this line:\n/Users/jenkins/workspace/Lucene-Solr-5.x-MacOSX/lucene/common-build.xml:1033: There were test failures: 422 suites (1 ignored), 3385 tests, 1 failure, 48 ignored (44 assumptions) [seed: 14D2D99D22341661]\n\n "
        },
        {
            "id": "comment-15136367",
            "author": "ASF subversion and git services",
            "date": "2016-02-07T18:34:21+0000",
            "content": "Commit b027adc7dd75665a5d46b74f7113d301c8546e71 in lucene-solr's branch refs/heads/branch_5x from Mike McCandless\n[ https://git-wip-us.apache.org/repos/asf?p=lucene-solr.git;h=b027adc ]\n\nLUCENE-6750: add verbosity when this test fails "
        },
        {
            "id": "comment-15136369",
            "author": "ASF subversion and git services",
            "date": "2016-02-07T18:35:14+0000",
            "content": "Commit 1d4d9c588ca433262feb79297262dca73e327f2e in lucene-solr's branch refs/heads/master from Mike McCandless\n[ https://git-wip-us.apache.org/repos/asf?p=lucene-solr.git;h=1d4d9c5 ]\n\nLUCENE-6750: add verbosity when this test fails "
        },
        {
            "id": "comment-15136371",
            "author": "Michael McCandless",
            "date": "2016-02-07T18:35:46+0000",
            "content": "I pushed a change to the test to print IW's infoStream when it next fails ... "
        },
        {
            "id": "comment-15136399",
            "author": "ASF subversion and git services",
            "date": "2016-02-07T19:45:45+0000",
            "content": "Commit 1d4d9c588ca433262feb79297262dca73e327f2e in lucene-solr's branch refs/heads/jira/lucene-5438-nrt-replication from Mike McCandless\n[ https://git-wip-us.apache.org/repos/asf?p=lucene-solr.git;h=1d4d9c5 ]\n\nLUCENE-6750: add verbosity when this test fails "
        }
    ]
}