{
    "id": "LUCENE-4149",
    "title": "TestPackedInts test failure",
    "details": {
        "labels": "",
        "priority": "Major",
        "components": [],
        "type": "Bug",
        "fix_versions": [
            "4.0-ALPHA",
            "6.0"
        ],
        "affect_versions": "4.0-ALPHA,                                            6.0",
        "resolution": "Fixed",
        "status": "Closed"
    },
    "description": "ant test  -Dtestcase=TestPackedInts -Dtests.method=testBulkSet -Dtests.seed=ABDA58FE51EFA72B -Dtests.locale=lt -Dtests.timezone=Europe/Athens -Dargs=\"-Dfile.encoding=UTF-8\"",
    "attachments": {
        "LUCENE-4149.patch": "https://issues.apache.org/jira/secure/attachment/12532347/LUCENE-4149.patch"
    },
    "issue_links": {},
    "comments": [
        {
            "date": "2012-06-16T01:39:18+0000",
            "content": "\n[junit4] Suite: org.apache.lucene.util.packed.TestPackedInts\n   [junit4] FAILURE 0.01s J0 | TestPackedInts.testBulkSet\n   [junit4]    > Throwable #1: java.lang.AssertionError\n   [junit4]    > \tat __randomizedtesting.SeedInfo.seed([ABDA58FE51EFA72B:B540F9E9CB1F524F]:0)\n   [junit4]    > \tat org.apache.lucene.util.packed.PackedInts$MutableImpl.set(PackedInts.java:266)\n   [junit4]    > \tat org.apache.lucene.util.packed.TestPackedInts.testBulkSet(TestPackedInts.java:496)\n   [junit4]    > \tat sun.reflect.NativeMethodAccessorImpl.invoke0(Native Method)\n   [junit4]    > \tat sun.reflect.NativeMethodAccessorImpl.invoke(NativeMethodAccessorImpl.java:39)\n   [junit4]    > \tat sun.reflect.DelegatingMethodAccessorImpl.invoke(DelegatingMethodAccessorImpl.java:25)\n   [junit4]    > \tat java.lang.reflect.Method.invoke(Method.java:597)\n   [junit4]    > \tat com.carrotsearch.randomizedtesting.RandomizedRunner.invoke(RandomizedRunner.java:1969)\n   [junit4]    > \tat com.carrotsearch.randomizedtesting.RandomizedRunner.access$1100(RandomizedRunner.java:132)\n   [junit4]    > \tat com.carrotsearch.randomizedtesting.RandomizedRunner$6.evaluate(RandomizedRunner.java:814)\n   [junit4]    > \tat com.carrotsearch.randomizedtesting.RandomizedRunner$7.evaluate(RandomizedRunner.java:875)\n   [junit4]    > \tat com.carrotsearch.randomizedtesting.RandomizedRunner$8.evaluate(RandomizedRunner.java:889)\n   [junit4]    > \tat org.apache.lucene.util.TestRuleSetupTeardownChained$1.evaluate(TestRuleSetupTeardownChained.java:50)\n   [junit4]    > \tat org.apache.lucene.util.TestRuleFieldCacheSanity$1.evaluate(TestRuleFieldCacheSanity.java:32)\n   [junit4]    > \tat org.apache.lucene.util.AbstractBeforeAfterRule$1.evaluate(AbstractBeforeAfterRule.java:45)\n   [junit4]    > \tat com.carrotsearch.randomizedtesting.rules.SystemPropertiesInvariantRule$1.evaluate(SystemPropertiesInvariantRule.java:55)\n   [junit4]    > \tat org.apache.lucene.util.TestRuleReportUncaughtExceptions$1.evaluate(TestRuleReportUncaughtExceptions.java:68)\n   [junit4]    > \tat org.apache.lucene.util.TestRuleThreadAndTestName$1.evaluate(TestRuleThreadAndTestName.java:48)\n   [junit4]    > \tat org.apache.lucene.util.TestRuleMarkFailure$1.evaluate(TestRuleMarkFailure.java:48)\n   [junit4]    > \tat com.carrotsearch.randomizedtesting.RandomizedRunner.runSingleTest(RandomizedRunner.java:821)\n   [junit4]    > \tat com.carrotsearch.randomizedtesting.RandomizedRunner.access$700(RandomizedRunner.java:132)\n   [junit4]    > \tat com.carrotsearch.randomizedtesting.RandomizedRunner$3$1.run(RandomizedRunner.java:669)\n   [junit4]    > \tat com.carrotsearch.randomizedtesting.RandomizedRunner$3.evaluate(RandomizedRunner.java:695)\n   [junit4]    > \tat com.carrotsearch.randomizedtesting.RandomizedRunner$4.evaluate(RandomizedRunner.java:734)\n   [junit4]    > \tat com.carrotsearch.randomizedtesting.RandomizedRunner$5.evaluate(RandomizedRunner.java:745)\n   [junit4]    > \tat org.apache.lucene.util.AbstractBeforeAfterRule$1.evaluate(AbstractBeforeAfterRule.java:45)\n   [junit4]    > \tat org.apache.lucene.util.TestRuleReportUncaughtExceptions$1.evaluate(TestRuleReportUncaughtExceptions.java:68)\n   [junit4]    > \tat org.apache.lucene.util.TestRuleStoreClassName$1.evaluate(TestRuleStoreClassName.java:38)\n   [junit4]    > \tat org.apache.lucene.util.TestRuleIcuHack$1.evaluate(TestRuleIcuHack.java:51)\n   [junit4]    > \tat com.carrotsearch.randomizedtesting.rules.SystemPropertiesInvariantRule$1.evaluate(SystemPropertiesInvariantRule.java:55)\n   [junit4]    > \tat org.apache.lucene.util.TestRuleNoInstanceHooksOverrides$1.evaluate(TestRuleNoInstanceHooksOverrides.java:53)\n   [junit4]    > \tat org.apache.lucene.util.TestRuleNoStaticHooksShadowing$1.evaluate(TestRuleNoStaticHooksShadowing.java:52)\n   [junit4]    > \tat org.apache.lucene.util.TestRuleAssertionsRequired$1.evaluate(TestRuleAssertionsRequired.java:36)\n   [junit4]    > \tat org.apache.lucene.util.TestRuleMarkFailure$1.evaluate(TestRuleMarkFailure.java:48)\n   [junit4]    > \tat org.apache.lucene.util.TestRuleIgnoreTestSuites$1.evaluate(TestRuleIgnoreTestSuites.java:56)\n   [junit4]    > \tat com.carrotsearch.randomizedtesting.RandomizedRunner.runSuite(RandomizedRunner.java:605)\n   [junit4]    > \tat com.carrotsearch.randomizedtesting.RandomizedRunner.access$400(RandomizedRunner.java:132)\n   [junit4]    > \tat com.carrotsearch.randomizedtesting.RandomizedRunner$2.run(RandomizedRunner.java:551)\n   [junit4]    > \n   [junit4]   2> NOTE: reproduce with: ant test  -Dtestcase=TestPackedInts -Dtests.method=testBulkSet -Dtests.seed=ABDA58FE51EFA72B -Dtests.locale=lt -Dtests.timezone=Europe/Athens -Dargs=\"-Dfile.encoding=UTF-8\"\n   [junit4]   2>\n   [junit4]    > (@AfterClass output)\n   [junit4]   2> NOTE: test params are: codec=Lucene40: {}, sim=DefaultSimilarity, locale=lt, timezone=Europe/Athens\n   [junit4]   2> NOTE: Linux 3.2.0-24-generic amd64/Sun Microsystems Inc. 1.6.0_24 (64-bit)/cpus=8,threads=1,free=115030800,total=536412160\n   [junit4]   2> NOTE: All tests run in this JVM: [TestDirectoryReaderReopen, TestGraphTokenizers, TestDocumentsWriterStallControl, TestUniqueTermCount, TestDateSort, TestSurrogates, TestIndexWriterCommit, TestPayloadNearQuery, Test10KPulsings, TestSmallFloat, TestExplanations, TestAllFilesHaveCodecHeader, TestNGramPhraseQuery, TestSimilarityProvider, TestFieldCache, TestBinaryTerms, TestSearch, TestSpansAdvanced, TestFlex, TestCodecs, TestPositionIncrement, TestFieldMaskingSpanQuery, TestFieldCacheRangeFilter, TestSameTokenSamePosition, TestSpanExplanations, TestSimpleAttributeImpl, TestIdentityHashSet, Nested, Nested, TestMaxTermFrequency, TestShardSearching, TestNRTReaderWithThreads, TestNearSpansOrdered, TestDocValuesIndexing, TestCustomSearcherSort, TestIndexWriterNRTIsCurrent, TestDuelingCodecs, TestFieldCacheSanityChecker, TestNeverDelete, TestRegexpRandom, TestCrash, TestNumericTokenStream, TestPackedInts]\n   [junit4]   2> \n   [junit4] Completed on J0 in 6.70s, 15 tests, 1 failure <<< FAILURES!\n\n ",
            "author": "Robert Muir",
            "id": "comment-13296061"
        },
        {
            "date": "2012-06-16T12:23:39+0000",
            "content": "Thanks Robert, I will take a look at it next week. ",
            "author": "Adrien Grand",
            "id": "comment-13296140"
        },
        {
            "date": "2012-06-17T22:20:49+0000",
            "content": "The bug was in the test case, here is the patch. I'll commit soon... ",
            "author": "Adrien Grand",
            "id": "comment-13393627"
        },
        {
            "date": "2012-06-18T08:57:15+0000",
            "content": "Committed (r1351231 on trunk and r1351239 on brand_4x). ",
            "author": "Adrien Grand",
            "id": "comment-13395492"
        }
    ]
}